<?xml version="1.0" encoding="UTF-8"?>
<!-- Generated by org.testng.reporters.JUnitReportReporter -->
<testsuite hostname="SANDEEP-PC" failures="0" tests="1" name="testng.NewTest1" time="36.200" errors="0" timestamp="2022-06-13T11:49:22 IST" skipped="0">
  <testcase classname="testng.NewTest1" name="f" time="36.200"/>
  <system-out/>
</testsuite> <!-- testng.NewTest1 -->
