<?xml version="1.0" encoding="UTF-8"?>
<!-- Generated by org.testng.reporters.JUnitReportReporter -->
<testsuite hostname="SANDEEP-PC" failures="0" tests="2" name="xmltestngStudy.ExcludeClassStudyTest" time="0.009" errors="0" timestamp="2022-06-13T13:44:48 IST" skipped="0">
  <testcase classname="xmltestngStudy.ExcludeClassStudyTest" name="myMethod6" time="0.003"/>
  <system-out>
    <![CDATA[my Method6 is Running]]>
  </system-out>
  <testcase classname="xmltestngStudy.ExcludeClassStudyTest" name="myMethod8" time="0.006"/>
  <system-out>
    <![CDATA[my Method8 is Running]]>
  </system-out>
</testsuite> <!-- xmltestngStudy.ExcludeClassStudyTest -->
