<?xml version="1.0" encoding="UTF-8"?>
<!-- Generated by org.testng.reporters.JUnitReportReporter -->
<testsuite hostname="SANDEEP-PC" failures="0" tests="2" name="xmltestngStudy.IncludeClassStudy" time="0.031" errors="0" timestamp="2022-06-13T13:44:48 IST" skipped="0">
  <testcase classname="xmltestngStudy.IncludeClassStudy" name="myMethod1" time="0.027"/>
  <system-out>
    <![CDATA[my Method1 is Running]]>
  </system-out>
  <testcase classname="xmltestngStudy.IncludeClassStudy" name="myMethod5" time="0.004"/>
  <system-out>
    <![CDATA[my Method5 is Running]]>
  </system-out>
</testsuite> <!-- xmltestngStudy.IncludeClassStudy -->
