<?xml version="1.0" encoding="UTF-8"?>
<!-- Generated by org.testng.reporters.JUnitReportReporter -->
<testsuite hostname="SANDEEP-PC" failures="0" tests="1" name="xmltestngStudy.failedclass" time="0.012" errors="0" timestamp="2022-06-14T12:12:13 IST" skipped="0">
  <testcase classname="xmltestngStudy.failedclass" name="myMethod1" time="0.012"/>
  <system-out>
    <![CDATA[my Method1 is Running]]>
  </system-out>
</testsuite> <!-- xmltestngStudy.failedclass -->
