<?xml version="1.0" encoding="UTF-8"?>
<!-- Generated by org.testng.reporters.JUnitReportReporter -->
<testsuite hostname="SANDEEP-PC" failures="0" tests="2" name="xmltestngStudy.groupingClass" time="0.026" errors="0" timestamp="2022-06-14T12:05:11 IST" skipped="0">
  <testcase classname="xmltestngStudy.groupingClass" name="myMethod2" time="0.005"/>
  <system-out>
    <![CDATA[my Method2 is Running]]>
  </system-out>
  <testcase classname="xmltestngStudy.groupingClass" name="myMethod1" time="0.021"/>
  <system-out>
    <![CDATA[my Method1 sanity is Running]]>
  </system-out>
</testsuite> <!-- xmltestngStudy.groupingClass -->
