<?xml version="1.0" encoding="UTF-8"?>
<!-- Generated by org.testng.reporters.JUnitReportReporter -->
<testsuite hostname="SANDEEP-PC" failures="0" tests="1" name="assignment_validatingClass.Validateclass" time="1.216" errors="0" timestamp="2022-06-21T13:24:23 IST" skipped="0">
  <testcase classname="assignment_validatingClass.Validateclass" name="ScreenshotAndScrolling" time="1.216"/>
  <system-out/>
</testsuite> <!-- assignment_validatingClass.Validateclass -->
