<?xml version="1.0" encoding="UTF-8"?>
<!-- Generated by org.testng.reporters.JUnitReportReporter -->
<testsuite hostname="SANDEEP-PC" failures="0" tests="1" name="verificationUsingTestNG.AssertTrueAndAssertFalse" time="0.013" errors="0" timestamp="2022-06-15T11:09:29 IST" skipped="0">
  <testcase classname="verificationUsingTestNG.AssertTrueAndAssertFalse" name="MyTC" time="0.013"/>
  <system-out>
    <![CDATA[value is false TC is PASSED]]>
  </system-out>
</testsuite> <!-- verificationUsingTestNG.AssertTrueAndAssertFalse -->
