<?xml version="1.0" encoding="UTF-8"?>
<!-- Generated by org.testng.reporters.JUnitReportReporter -->
<testsuite hostname="SANDEEP-PC" failures="0" tests="1" name="KiteAppTestClasses.KiteUNTestUsingProperty" time="3.022" errors="0" timestamp="2022-06-21T13:00:46 IST" skipped="0">
  <testcase classname="KiteAppTestClasses.KiteUNTestUsingProperty" name="ValidateUserName" time="3.022"/>
  <system-out>
    <![CDATA[Actual and Expected are matching, TC is PASSED]]>
  </system-out>
</testsuite> <!-- KiteAppTestClasses.KiteUNTestUsingProperty -->
