<?xml version="1.0" encoding="UTF-8"?>
<!-- Generated by org.testng.reporters.JUnitReportReporter -->
<testsuite hostname="SANDEEP-PC" failures="0" tests="1" name="verificationUsingTestNG.vctc" time="18.411" errors="0" timestamp="2022-06-15T15:27:13 IST" skipped="0">
  <testcase classname="verificationUsingTestNG.vctc" name="myTc" time="18.411"/>
  <system-out>
    <![CDATA[value is NOT null TC is passed]]>
  </system-out>
</testsuite> <!-- verificationUsingTestNG.vctc -->
