<?xml version="1.0" encoding="UTF-8"?>
<!-- Generated by org.testng.reporters.JUnitReportReporter -->
<testsuite hostname="SANDEEP-PC" failures="0" tests="2" name="SoftAssert.AssertEqualsAndNotEquals" time="0.017" errors="0" timestamp="2022-06-16T10:55:55 IST" skipped="0">
  <testcase classname="SoftAssert.AssertEqualsAndNotEquals" name="myMethod1" time="0.003"/>
  <system-out/>
  <testcase classname="SoftAssert.AssertEqualsAndNotEquals" name="myMethod" time="0.014"/>
  <system-out/>
</testsuite> <!-- SoftAssert.AssertEqualsAndNotEquals -->
