<?xml version="1.0" encoding="UTF-8"?>
<!-- Generated by org.testng.reporters.JUnitReportReporter -->
<testsuite hostname="SANDEEP-PC" failures="0" tests="1" name="verificationUsingTestNG.AssertEqualsAndNotEquals" time="0.013" errors="0" timestamp="2022-06-15T11:06:01 IST" skipped="0">
  <testcase classname="verificationUsingTestNG.AssertEqualsAndNotEquals" name="myTC1" time="0.013"/>
  <system-out>
    <![CDATA[Strings are not matching TC is PASSED]]>
  </system-out>
</testsuite> <!-- verificationUsingTestNG.AssertEqualsAndNotEquals -->
